#
# A fatal error has been detected by the Java Runtime Environment:
#
#  SIGSEGV (0xb) at pc=0x000000011c5103e0, pid=58022, tid=32259
#
# JRE version: Java(TM) SE Runtime Environment (7.0_71-b14) (build 1.7.0_71-b14)
# Java VM: Java HotSpot(TM) 64-Bit Server VM (24.71-b01 mixed mode bsd-amd64 compressed oops)
# Problematic frame:
# C  [libjprofilerti.jnilib+0x533e0]  HashMap<jprofiler::String, ClassData>::put(jprofiler::String*, ClassData*)+0xbc
#
# Failed to write core dump. Core dumps have been disabled. To enable core dumping, try "ulimit -c unlimited" before starting Java again
#
# If you would like to submit a bug report, please visit:
#   http://bugreport.sun.com/bugreport/crash.jsp
# The crash happened outside the Java Virtual Machine in native code.
# See problematic frame for where to report the bug.
#

---------------  T H R E A D  ---------------

Current thread (0x00007ff9b45be800):  JavaThread "Spark Context Cleaner" daemon [_thread_in_native, id=32259, stack(0x000000011b576000,0x000000011b676000)]

siginfo:si_signo=SIGSEGV: si_errno=0, si_code=0 (SEGV0), si_addr=0x0000000000000000

Registers:
RAX=0xa00007ff9b545403, RBX=0x00007ff9bb1e76a0, RCX=0x00007ff9b54418b0, RDX=0x0000000000000da0
RSP=0x000000011b675540, RBP=0x000000011b675570, RSI=0x0000000000000031, RDI=0x00007ff9b7112fa0
R8 =0x000000000000006a, R9 =0x0000000000000ae0, R10=0x000000011b6759c0, R11=0xfffffffff8aa8f40
R12=0x0000000000000da0, R13=0x0000000000000000, R14=0x00007ff9b7112fa0, R15=0x000000011c680fc0
RIP=0x000000011c5103e0, EFLAGS=0x0000000000010286, ERR=0x0000000000000000
  TRAPNO=0x000000000000000d

Top of Stack: (sp=0x000000011b675540)
0x000000011b675540:   000000011b675570 00007ff9bb1e76a0
0x000000011b675550:   000000011b675588 0000000000000000
0x000000011b675560:   00007ff9c1141950 00007ff9b77a86e0
0x000000011b675570:   000000011b6755d0 000000011c54e9da
0x000000011b675580:   000000011b6755b0 000000011c672790
0x000000011b675590:   000000011b6755d0 00007ff9b77a86e0
0x000000011b6755a0:   e73ac2c700000027 0000000000000003
0x000000011b6755b0:   0000000000000027 0000000000000000
0x000000011b6755c0:   00007ff9ab6e99b0 00007ff9b77a86e0
0x000000011b6755d0:   000000011b675650 000000011c54fe3c
0x000000011b6755e0:   000000011b675650 00007ff9b534de60
0x000000011b6755f0:   00007ff9ab79c3c0 0000000000000003
0x000000011b675600:   000000011b675630 000000010bf7afe4
0x000000011b675610:   0000000000000000 0000000000000001
0x000000011b675620:   00007ff9b45be9e8 00007ff9ab79c3c0
0x000000011b675630:   0000000000000003 00007ff9ab6e99b0
0x000000011b675640:   00007ff9b45be9e8 00007ff9b77a4360
0x000000011b675650:   000000011b6756b0 000000011c551d37
0x000000011b675660:   0000000000000001 00007ff9b77a85b0
0x000000011b675670:   00007ff9ab79c3c0 00007ff9ab6e99b0
0x000000011b675680:   00007ff9b508c960 0000000000000006
0x000000011b675690:   0000000000000001 000000077cab4b00
0x000000011b6756a0:   00007ff9b77a4360 0000000000000000
0x000000011b6756b0:   000000011b675720 000000011c564161
0x000000011b6756c0:   00007ff9b521e800 0000000000000000
0x000000011b6756d0:   ffffffff00000000 000000000008cd00
0x000000011b6756e0:   00007ff9b5395770 00007ff9b45be9e8
0x000000011b6756f0:   0000000700675710 00007ff9b33c5400
0x000000011b675700:   0000000000000001 000000077cab4b00
0x000000011b675710:   00007ff9b5395770 00007ff9b8b49100
0x000000011b675720:   000000011b6757f0 000000011c56d754
0x000000011b675730:   00007ff9b45be800 00007ff9b5057998 

Instructions: (pc=0x000000011c5103e0)
0x000000011c5103c0:   d2 41 f7 77 08 41 89 d4 49 8b 4f 20 48 8b 01 48
0x000000011c5103d0:   85 c0 75 0c bf 20 00 00 00 e8 f4 5e 07 00 eb 0a
0x000000011c5103e0:   48 8b 50 18 48 89 11 ff 49 08 49 63 cc 49 8b 17
0x000000011c5103f0:   48 8b 14 ca 4c 89 30 48 89 58 08 48 89 50 10 49 

Register to memory mapping:

RAX=